<?xml version="1.0" encoding="UTF-8"?>
<!-- Generated by org.testng.reporters.JUnitReportReporter -->
<testsuite skipped="0" hostname="Deepak-Sharma1" name="Maven_Demo.Artifact_Maven_Demo.DeepakTest" tests="4" failures="0" timestamp="05 Jul 2019 11:15:34 GMT" time="0.021" errors="0">
  <testcase name="subtract" time="0.003" classname="Maven_Demo.Artifact_Maven_Demo.DeepakTest"/>
  <testcase name="sum" time="0.002" classname="Maven_Demo.Artifact_Maven_Demo.DeepakTest"/>
  <testcase name="division" time="0.013" classname="Maven_Demo.Artifact_Maven_Demo.DeepakTest"/>
  <testcase name="multiply" time="0.003" classname="Maven_Demo.Artifact_Maven_Demo.DeepakTest"/>
</testsuite> <!-- Maven_Demo.Artifact_Maven_Demo.DeepakTest -->
