<?xml version="1.0" encoding="UTF-8"?>
<!-- Generated by org.testng.reporters.JUnitReportReporter -->
<testsuite skipped="0" hostname="Deepak-Sharma1" name="Maven_Demo.Artifact_Maven_Demo.DeepakTest3" tests="4" failures="0" timestamp="05 Jul 2019 11:18:38 GMT" time="0.002" errors="0">
  <testcase name="subtract" time="0.000" classname="Maven_Demo.Artifact_Maven_Demo.DeepakTest3"/>
  <testcase name="sum" time="0.001" classname="Maven_Demo.Artifact_Maven_Demo.DeepakTest3"/>
  <testcase name="division" time="0.001" classname="Maven_Demo.Artifact_Maven_Demo.DeepakTest3"/>
  <testcase name="multiply" time="0.000" classname="Maven_Demo.Artifact_Maven_Demo.DeepakTest3"/>
</testsuite> <!-- Maven_Demo.Artifact_Maven_Demo.DeepakTest3 -->
